{"/Users/apple/Desktop/basic-calculator-testing/src/models/operation.model.js": {"path":"/Users/apple/Desktop/basic-calculator-testing/src/models/operation.model.js","statementMap":{"0":{"start":{"line":1,"column":17},"end":{"line":1,"column":36}},"1":{"start":{"line":3,"column":23},"end":{"line":27,"column":2}},"2":{"start":{"line":28,"column":0},"end":{"line":28,"column":59}}},"fnMap":{},"branchMap":{},"s":{"0":1,"1":1,"2":1},"f":{},"b":{},"_coverageSchema":"1a1c01bbd47fc00a2c39e90264f33305004495a9","hash":"2c4de8222c43048694ea0c7426c83744c256ee8f"}
,"/Users/apple/Desktop/basic-calculator-testing/src/services/operation.service.js": {"path":"/Users/apple/Desktop/basic-calculator-testing/src/services/operation.service.js","statementMap":{"0":{"start":{"line":1,"column":18},"end":{"line":1,"column":57}},"1":{"start":{"line":3,"column":25},"end":{"line":40,"column":1}},"2":{"start":{"line":5,"column":45},"end":{"line":5,"column":52}},"3":{"start":{"line":7,"column":4},"end":{"line":39,"column":5}},"4":{"start":{"line":8,"column":8},"end":{"line":24,"column":9}},"5":{"start":{"line":10,"column":16},"end":{"line":10,"column":45}},"6":{"start":{"line":11,"column":16},"end":{"line":11,"column":22}},"7":{"start":{"line":13,"column":16},"end":{"line":13,"column":45}},"8":{"start":{"line":14,"column":16},"end":{"line":14,"column":22}},"9":{"start":{"line":16,"column":16},"end":{"line":16,"column":45}},"10":{"start":{"line":17,"column":16},"end":{"line":17,"column":22}},"11":{"start":{"line":19,"column":16},"end":{"line":19,"column":77}},"12":{"start":{"line":19,"column":36},"end":{"line":19,"column":77}},"13":{"start":{"line":20,"column":16},"end":{"line":20,"column":45}},"14":{"start":{"line":21,"column":16},"end":{"line":21,"column":22}},"15":{"start":{"line":23,"column":16},"end":{"line":23,"column":52}},"16":{"start":{"line":26,"column":35},"end":{"line":32,"column":10}},"17":{"start":{"line":34,"column":8},"end":{"line":34,"column":40}},"18":{"start":{"line":35,"column":8},"end":{"line":35,"column":22}},"19":{"start":{"line":38,"column":8},"end":{"line":38,"column":72}},"20":{"start":{"line":42,"column":28},"end":{"line":49,"column":1}},"21":{"start":{"line":43,"column":4},"end":{"line":48,"column":5}},"22":{"start":{"line":44,"column":28},"end":{"line":44,"column":66}},"23":{"start":{"line":45,"column":8},"end":{"line":45,"column":27}},"24":{"start":{"line":47,"column":8},"end":{"line":47,"column":68}},"25":{"start":{"line":51,"column":28},"end":{"line":59,"column":1}},"26":{"start":{"line":52,"column":4},"end":{"line":58,"column":5}},"27":{"start":{"line":53,"column":31},"end":{"line":53,"column":68}},"28":{"start":{"line":54,"column":8},"end":{"line":54,"column":73}},"29":{"start":{"line":54,"column":29},"end":{"line":54,"column":73}},"30":{"start":{"line":55,"column":8},"end":{"line":55,"column":30}},"31":{"start":{"line":57,"column":8},"end":{"line":57,"column":68}},"32":{"start":{"line":61,"column":30},"end":{"line":68,"column":1}},"33":{"start":{"line":62,"column":4},"end":{"line":67,"column":5}},"34":{"start":{"line":63,"column":23},"end":{"line":63,"column":67}},"35":{"start":{"line":64,"column":8},"end":{"line":64,"column":22}},"36":{"start":{"line":66,"column":8},"end":{"line":66,"column":69}},"37":{"start":{"line":70,"column":0},"end":{"line":75,"column":2}}},"fnMap":{"0":{"name":"(anonymous_0)","decl":{"start":{"line":3,"column":25},"end":{"line":3,"column":26}},"loc":{"start":{"line":3,"column":51},"end":{"line":40,"column":1}},"line":3},"1":{"name":"(anonymous_1)","decl":{"start":{"line":42,"column":28},"end":{"line":42,"column":29}},"loc":{"start":{"line":42,"column":45},"end":{"line":49,"column":1}},"line":42},"2":{"name":"(anonymous_2)","decl":{"start":{"line":51,"column":28},"end":{"line":51,"column":29}},"loc":{"start":{"line":51,"column":42},"end":{"line":59,"column":1}},"line":51},"3":{"name":"(anonymous_3)","decl":{"start":{"line":61,"column":30},"end":{"line":61,"column":31}},"loc":{"start":{"line":61,"column":47},"end":{"line":68,"column":1}},"line":61}},"branchMap":{"0":{"loc":{"start":{"line":8,"column":8},"end":{"line":24,"column":9}},"type":"switch","locations":[{"start":{"line":9,"column":12},"end":{"line":11,"column":22}},{"start":{"line":12,"column":12},"end":{"line":14,"column":22}},{"start":{"line":15,"column":12},"end":{"line":17,"column":22}},{"start":{"line":18,"column":12},"end":{"line":21,"column":22}},{"start":{"line":22,"column":12},"end":{"line":23,"column":52}}],"line":8},"1":{"loc":{"start":{"line":19,"column":16},"end":{"line":19,"column":77}},"type":"if","locations":[{"start":{"line":19,"column":16},"end":{"line":19,"column":77}},{"start":{},"end":{}}],"line":19},"2":{"loc":{"start":{"line":54,"column":8},"end":{"line":54,"column":73}},"type":"if","locations":[{"start":{"line":54,"column":8},"end":{"line":54,"column":73}},{"start":{},"end":{}}],"line":54}},"s":{"0":1,"1":1,"2":7,"3":7,"4":7,"5":2,"6":2,"7":1,"8":1,"9":1,"10":1,"11":2,"12":1,"13":1,"14":1,"15":1,"16":5,"17":5,"18":5,"19":2,"20":1,"21":1,"22":1,"23":1,"24":0,"25":1,"26":1,"27":1,"28":1,"29":0,"30":1,"31":0,"32":1,"33":1,"34":1,"35":1,"36":0,"37":1},"f":{"0":7,"1":1,"2":1,"3":1},"b":{"0":[2,1,1,2,1],"1":[1,1],"2":[0,1]},"_coverageSchema":"1a1c01bbd47fc00a2c39e90264f33305004495a9","hash":"cf18f06894829b5cc136d1a48cf1f1304faa0b12"}
}
