TN:
SF:src/models/operation.model.js
FNF:0
FNH:0
DA:1,1
DA:3,1
DA:28,1
LF:3
LH:3
BRF:0
BRH:0
end_of_record
TN:
SF:src/services/operation.service.js
FN:3,(anonymous_0)
FN:42,(anonymous_1)
FN:51,(anonymous_2)
FN:61,(anonymous_3)
FNF:4
FNH:4
FNDA:7,(anonymous_0)
FNDA:1,(anonymous_1)
FNDA:1,(anonymous_2)
FNDA:1,(anonymous_3)
DA:1,1
DA:3,1
DA:5,7
DA:7,7
DA:8,7
DA:10,2
DA:11,2
DA:13,1
DA:14,1
DA:16,1
DA:17,1
DA:19,2
DA:20,1
DA:21,1
DA:23,1
DA:26,5
DA:34,5
DA:35,5
DA:38,2
DA:42,1
DA:43,1
DA:44,1
DA:45,1
DA:47,0
DA:51,1
DA:52,1
DA:53,1
DA:54,1
DA:55,1
DA:57,0
DA:61,1
DA:62,1
DA:63,1
DA:64,1
DA:66,0
DA:70,1
LF:36
LH:33
BRDA:8,0,0,2
BRDA:8,0,1,1
BRDA:8,0,2,1
BRDA:8,0,3,2
BRDA:8,0,4,1
BRDA:19,1,0,1
BRDA:19,1,1,1
BRDA:54,2,0,0
BRDA:54,2,1,1
BRF:9
BRH:8
end_of_record
